<?xml version="1.0" encoding="UTF-8"?>
<robot generator="Robot 7.1 (Python 3.12.6 on win32)" generated="2024-09-24T17:15:29.102473" rpa="false" schemaversion="5">
<suite id="s1" name="Python" source="C:\Python">
<suite id="s1-s1" name="Python Automation" source="C:\Python\Python Automation">
<suite id="s1-s1-s1" name="TC001" source="C:\Python\Python Automation\TC001.robot">
<test id="s1-s1-s1-t1" name="TC001 Browser Start and Close" line="10">
<kw name="Open Browser" owner="SeleniumLibrary">
<msg time="2024-09-24T17:15:29.343196" level="INFO">Opening browser 'chrome' to base url 'https://www.w3schools.com/python'.</msg>
<msg time="2024-09-24T17:16:30.155887" level="INFO">Cannot capture screenshot because no browser is open.</msg>
<msg time="2024-09-24T17:16:30.156890" level="FAIL">NoSuchDriverException: Message: Unable to obtain driver for chrome; For documentation on this error, please visit: https://www.selenium.dev/documentation/webdriver/troubleshooting/errors/driver_location
</msg>
<arg>${Url}</arg>
<arg>${Browser}</arg>
<doc>Opens a new browser instance to the optional ``url``.</doc>
<status status="FAIL" start="2024-09-24T17:15:29.343196" elapsed="60.817675">NoSuchDriverException: Message: Unable to obtain driver for chrome; For documentation on this error, please visit: https://www.selenium.dev/documentation/webdriver/troubleshooting/errors/driver_location
</status>
</kw>
<kw name="Close Browser" owner="SeleniumLibrary">
<doc>Closes the current browser.</doc>
<status status="NOT RUN" start="2024-09-24T17:16:30.161868" elapsed="0.000000"/>
</kw>
<status status="FAIL" start="2024-09-24T17:15:29.341200" elapsed="60.820668">NoSuchDriverException: Message: Unable to obtain driver for chrome; For documentation on this error, please visit: https://www.selenium.dev/documentation/webdriver/troubleshooting/errors/driver_location
</status>
</test>
<status status="FAIL" start="2024-09-24T17:15:29.131374" elapsed="61.031491"/>
</suite>
<status status="FAIL" start="2024-09-24T17:15:29.127389" elapsed="61.037469"/>
</suite>
<status status="FAIL" start="2024-09-24T17:15:29.108453" elapsed="61.056405"/>
</suite>
<statistics>
<total>
<stat pass="0" fail="1" skip="0">All Tests</stat>
</total>
<tag>
</tag>
<suite>
<stat pass="0" fail="1" skip="0" id="s1" name="Python">Python</stat>
<stat pass="0" fail="1" skip="0" id="s1-s1" name="Python Automation">Python.Python Automation</stat>
<stat pass="0" fail="1" skip="0" id="s1-s1-s1" name="TC001">Python.Python Automation.TC001</stat>
</suite>
</statistics>
<errors>
</errors>
</robot>
